<testsuite name="ai4se-demo-project" tests="13" failures="0" errors="0" skipped="0"><testcase classname="com.consultation.adapter.rest.AdminControllerTest" name="should_get_dashboard"/><testcase classname="com.consultation.adapter.rest.AppointmentControllerTest" name="should_cancel_appointment"/><testcase classname="com.consultation.adapter.rest.AppointmentControllerTest" name="should_create_and_list"/><testcase classname="com.consultation.adapter.rest.AppointmentControllerTest" name="should_reject_conflict"/><testcase classname="com.consultation.adapter.rest.AuthControllerTest" name="should_register_and_login"/><testcase classname="com.consultation.adapter.rest.ConsultantControllerTest" name="should_list_consultants"/><testcase classname="com.consultation.adapter.rest.ConsultantControllerTest" name="should_return_slots"/><testcase classname="com.consultation.adapter.rest.UserControllerTest" name="should_change_password"/><testcase classname="com.consultation.adapter.rest.AppointmentControllerTest" name="should_reject_appointment_for_disabled_consultant"/><testcase classname="com.consultation.adapter.rest.AppointmentControllerTest" name="should_allow_tomorrow_and_seventh_day_but_reject_eighth_day"/><testcase classname="com.consultation.adapter.rest.AppointmentControllerTest" name="should_reject_cancellation_by_other_user"/><testcase classname="com.consultation.adapter.rest.AppointmentControllerTest" name="should_reject_cancellation_with_blank_reason"/><testcase classname="com.consultation.adapter.rest.AppointmentControllerTest" name="should_reject_deleting_appointment"/></testsuite>
